Linked: (/home/lappy/f110-2019-a/devel/.private/vesc_msgs/share/roseus/ros/vesc_msgs/manifest.l, /home/lappy/f110-2019-a/devel/share/roseus/ros/vesc_msgs/manifest.l)
Linked: (/home/lappy/f110-2019-a/devel/.private/vesc_msgs/share/roseus/ros/vesc_msgs/msg/VescState.l, /home/lappy/f110-2019-a/devel/share/roseus/ros/vesc_msgs/msg/VescState.l)
Linked: (/home/lappy/f110-2019-a/devel/.private/vesc_msgs/share/roseus/ros/vesc_msgs/msg/VescStateStamped.l, /home/lappy/f110-2019-a/devel/share/roseus/ros/vesc_msgs/msg/VescStateStamped.l)
Linked: (/home/lappy/f110-2019-a/devel/.private/vesc_msgs/share/gennodejs/ros/vesc_msgs/_index.js, /home/lappy/f110-2019-a/devel/share/gennodejs/ros/vesc_msgs/_index.js)
Linked: (/home/lappy/f110-2019-a/devel/.private/vesc_msgs/share/gennodejs/ros/vesc_msgs/msg/VescState.js, /home/lappy/f110-2019-a/devel/share/gennodejs/ros/vesc_msgs/msg/VescState.js)
Linked: (/home/lappy/f110-2019-a/devel/.private/vesc_msgs/share/gennodejs/ros/vesc_msgs/msg/VescStateStamped.js, /home/lappy/f110-2019-a/devel/share/gennodejs/ros/vesc_msgs/msg/VescStateStamped.js)
Linked: (/home/lappy/f110-2019-a/devel/.private/vesc_msgs/share/gennodejs/ros/vesc_msgs/msg/_index.js, /home/lappy/f110-2019-a/devel/share/gennodejs/ros/vesc_msgs/msg/_index.js)
Linked: (/home/lappy/f110-2019-a/devel/.private/vesc_msgs/share/common-lisp/ros/vesc_msgs/msg/_package_VescState.lisp, /home/lappy/f110-2019-a/devel/share/common-lisp/ros/vesc_msgs/msg/_package_VescState.lisp)
Linked: (/home/lappy/f110-2019-a/devel/.private/vesc_msgs/share/common-lisp/ros/vesc_msgs/msg/_package.lisp, /home/lappy/f110-2019-a/devel/share/common-lisp/ros/vesc_msgs/msg/_package.lisp)
Linked: (/home/lappy/f110-2019-a/devel/.private/vesc_msgs/share/common-lisp/ros/vesc_msgs/msg/VescStateStamped.lisp, /home/lappy/f110-2019-a/devel/share/common-lisp/ros/vesc_msgs/msg/VescStateStamped.lisp)
Linked: (/home/lappy/f110-2019-a/devel/.private/vesc_msgs/share/common-lisp/ros/vesc_msgs/msg/_package_VescStateStamped.lisp, /home/lappy/f110-2019-a/devel/share/common-lisp/ros/vesc_msgs/msg/_package_VescStateStamped.lisp)
Linked: (/home/lappy/f110-2019-a/devel/.private/vesc_msgs/share/common-lisp/ros/vesc_msgs/msg/VescState.lisp, /home/lappy/f110-2019-a/devel/share/common-lisp/ros/vesc_msgs/msg/VescState.lisp)
Linked: (/home/lappy/f110-2019-a/devel/.private/vesc_msgs/share/common-lisp/ros/vesc_msgs/msg/vesc_msgs-msg.asd, /home/lappy/f110-2019-a/devel/share/common-lisp/ros/vesc_msgs/msg/vesc_msgs-msg.asd)
Linked: (/home/lappy/f110-2019-a/devel/.private/vesc_msgs/share/vesc_msgs/cmake/vesc_msgsConfig-version.cmake, /home/lappy/f110-2019-a/devel/share/vesc_msgs/cmake/vesc_msgsConfig-version.cmake)
Linked: (/home/lappy/f110-2019-a/devel/.private/vesc_msgs/share/vesc_msgs/cmake/vesc_msgs-msg-extras.cmake, /home/lappy/f110-2019-a/devel/share/vesc_msgs/cmake/vesc_msgs-msg-extras.cmake)
Linked: (/home/lappy/f110-2019-a/devel/.private/vesc_msgs/share/vesc_msgs/cmake/vesc_msgsConfig.cmake, /home/lappy/f110-2019-a/devel/share/vesc_msgs/cmake/vesc_msgsConfig.cmake)
Linked: (/home/lappy/f110-2019-a/devel/.private/vesc_msgs/share/vesc_msgs/cmake/vesc_msgs-msg-paths.cmake, /home/lappy/f110-2019-a/devel/share/vesc_msgs/cmake/vesc_msgs-msg-paths.cmake)
Linked: (/home/lappy/f110-2019-a/devel/.private/vesc_msgs/include/vesc_msgs/VescStateStamped.h, /home/lappy/f110-2019-a/devel/include/vesc_msgs/VescStateStamped.h)
Linked: (/home/lappy/f110-2019-a/devel/.private/vesc_msgs/include/vesc_msgs/VescState.h, /home/lappy/f110-2019-a/devel/include/vesc_msgs/VescState.h)
Linked: (/home/lappy/f110-2019-a/devel/.private/vesc_msgs/lib/python2.7/dist-packages/vesc_msgs/__init__.py, /home/lappy/f110-2019-a/devel/lib/python2.7/dist-packages/vesc_msgs/__init__.py)
Linked: (/home/lappy/f110-2019-a/devel/.private/vesc_msgs/lib/python2.7/dist-packages/vesc_msgs/msg/_VescStateStamped.py, /home/lappy/f110-2019-a/devel/lib/python2.7/dist-packages/vesc_msgs/msg/_VescStateStamped.py)
Linked: (/home/lappy/f110-2019-a/devel/.private/vesc_msgs/lib/python2.7/dist-packages/vesc_msgs/msg/_VescState.py, /home/lappy/f110-2019-a/devel/lib/python2.7/dist-packages/vesc_msgs/msg/_VescState.py)
Linked: (/home/lappy/f110-2019-a/devel/.private/vesc_msgs/lib/python2.7/dist-packages/vesc_msgs/msg/__init__.py, /home/lappy/f110-2019-a/devel/lib/python2.7/dist-packages/vesc_msgs/msg/__init__.py)
Linked: (/home/lappy/f110-2019-a/devel/.private/vesc_msgs/lib/pkgconfig/vesc_msgs.pc, /home/lappy/f110-2019-a/devel/lib/pkgconfig/vesc_msgs.pc)
